<?xml version="1.0" encoding="UTF-8"?>
<!-- Generated by org.testng.reporters.JUnitReportReporter -->
<testsuite hostname="DESKTOP-H9JGRTT" failures="0" tests="1" name="tests.WikiPageTest" time="15.830" errors="0" timestamp="2022-11-16T16:18:38 IST" skipped="0">
  <testcase classname="tests.WikiPageTest" name="testTheReleaseDate" time="15.830"/>
  <system-out/>
</testsuite> <!-- tests.WikiPageTest -->
