<?xml version="1.0" encoding="UTF-8"?>
<!-- Generated by org.testng.reporters.JUnitReportReporter -->
<testsuite hostname="DESKTOP-H9JGRTT" failures="0" tests="1" name="tests.IMDBPageTest" time="22.044" errors="0" timestamp="2022-11-16T16:17:46 IST" skipped="0">
  <testcase classname="tests.IMDBPageTest" name="testTheReleaseDate" time="22.044"/>
  <system-out/>
</testsuite> <!-- tests.IMDBPageTest -->
